<?xml version="1.0" encoding="UTF-8" standalone="no"?><testsuite errors="0" failures="1" name="Write a text" skipped="0" tests="1" time="36.81" timestamp="2023-03-30 08:57:00"><testcase name="Write a enriched text"><failure message="&#13;&#10;Expected: is &quot;HHola como estas&quot;&#13;&#10;     but: was &quot;Hola como estas&quot;" type="java.lang.AssertionError">&#13;
Expected: is "HHola como estas"&#13;
     but: was "Hola como estas"</failure><system-err>&#13;
Expected: is "HHola como estas"&#13;
     but: was "Hola como estas"&#13;
com.notepad.text.test.stepdefinitions.TextStepDefinitions.theUserShouldSeeTheText(TextStepDefinitions.java:47)&#13;
✽.the user should see the text(file:///C:/Users/Angie/Documents/SPAcademy/PruebaDevCo/src/test/resources/texto.feature:9)&#13;
</system-err></testcase></testsuite>